[0318/153425.552:ERROR:process_memory_win.cc(73)] ReadMemory at 0xef0e5f0000 of 65536 bytes failed: Only part of a ReadProcessMemory or WriteProcessMemory request was completed. (0x12B)
[0318/153425.554:ERROR:process_memory_win.cc(73)] ReadMemory at 0xef0edfd000 of 12288 bytes failed: Only part of a ReadProcessMemory or WriteProcessMemory request was completed. (0x12B)
[0318/153425.554:ERROR:process_memory_win.cc(73)] ReadMemory at 0xef0f5fc000 of 16384 bytes failed: Only part of a ReadProcessMemory or WriteProcessMemory request was completed. (0x12B)
[0318/153425.554:ERROR:process_memory_win.cc(73)] ReadMemory at 0xef0fdfd000 of 12288 bytes failed: Only part of a ReadProcessMemory or WriteProcessMemory request was completed. (0x12B)
[0318/153425.610:ERROR:process_memory_win.cc(73)] ReadMemory at 0xef105fc000 of 16384 bytes failed: Only part of a ReadProcessMemory or WriteProcessMemory request was completed. (0x12B)
[0318/153425.610:ERROR:process_memory_win.cc(73)] ReadMemory at 0xef10dff000 of 4096 bytes failed: Only part of a ReadProcessMemory or WriteProcessMemory request was completed. (0x12B)
[0318/153425.610:ERROR:process_memory_win.cc(73)] ReadMemory at 0xef115fd000 of 12288 bytes failed: Only part of a ReadProcessMemory or WriteProcessMemory request was completed. (0x12B)
[0318/153425.610:ERROR:process_memory_win.cc(73)] ReadMemory at 0xef11dfb000 of 20480 bytes failed: Only part of a ReadProcessMemory or WriteProcessMemory request was completed. (0x12B)
[0318/153425.610:ERROR:process_memory_win.cc(73)] ReadMemory at 0xef125fd000 of 12288 bytes failed: Only part of a ReadProcessMemory or WriteProcessMemory request was completed. (0x12B)
[0318/153425.610:ERROR:process_memory_win.cc(73)] ReadMemory at 0xef12dfd000 of 12288 bytes failed: Only part of a ReadProcessMemory or WriteProcessMemory request was completed. (0x12B)
[0318/153425.610:ERROR:process_memory_win.cc(73)] ReadMemory at 0xef135fd000 of 12288 bytes failed: Only part of a ReadProcessMemory or WriteProcessMemory request was completed. (0x12B)
[0318/153425.610:ERROR:process_memory_win.cc(73)] ReadMemory at 0xef13dfd000 of 12288 bytes failed: Only part of a ReadProcessMemory or WriteProcessMemory request was completed. (0x12B)
[0318/153425.610:ERROR:process_memory_win.cc(73)] ReadMemory at 0xef145fd000 of 12288 bytes failed: Only part of a ReadProcessMemory or WriteProcessMemory request was completed. (0x12B)
[0318/153425.610:ERROR:process_memory_win.cc(73)] ReadMemory at 0xef14dfd000 of 12288 bytes failed: Only part of a ReadProcessMemory or WriteProcessMemory request was completed. (0x12B)
[0318/153425.611:ERROR:process_memory_win.cc(73)] ReadMemory at 0xef155fd000 of 12288 bytes failed: Only part of a ReadProcessMemory or WriteProcessMemory request was completed. (0x12B)
[0318/153425.611:ERROR:process_memory_win.cc(73)] ReadMemory at 0xef15dfd000 of 12288 bytes failed: Only part of a ReadProcessMemory or WriteProcessMemory request was completed. (0x12B)
[0318/153425.611:ERROR:process_memory_win.cc(73)] ReadMemory at 0xef0dce8000 of 852 bytes failed: Only part of a ReadProcessMemory or WriteProcessMemory request was completed. (0x12B)
[0318/153425.611:ERROR:process_memory_win.cc(73)] ReadMemory at 0xef0dce9000 of 6024 bytes failed: Only part of a ReadProcessMemory or WriteProcessMemory request was completed. (0x12B)
[0318/153425.611:ERROR:process_memory_win.cc(73)] ReadMemory at 0xef0dceb000 of 6024 bytes failed: Only part of a ReadProcessMemory or WriteProcessMemory request was completed. (0x12B)
[0318/153425.611:ERROR:process_memory_win.cc(73)] ReadMemory at 0xef0dced000 of 6024 bytes failed: Only part of a ReadProcessMemory or WriteProcessMemory request was completed. (0x12B)
[0318/153425.611:ERROR:process_memory_win.cc(73)] ReadMemory at 0xef0dcef000 of 6024 bytes failed: Only part of a ReadProcessMemory or WriteProcessMemory request was completed. (0x12B)
[0318/153425.611:ERROR:process_memory_win.cc(73)] ReadMemory at 0xef0dcf1000 of 6024 bytes failed: Only part of a ReadProcessMemory or WriteProcessMemory request was completed. (0x12B)
[0318/153425.611:ERROR:process_memory_win.cc(73)] ReadMemory at 0xef0dcf3000 of 6024 bytes failed: Only part of a ReadProcessMemory or WriteProcessMemory request was completed. (0x12B)
[0318/153425.611:ERROR:process_memory_win.cc(73)] ReadMemory at 0xef0dcf5000 of 6024 bytes failed: Only part of a ReadProcessMemory or WriteProcessMemory request was completed. (0x12B)
[0318/153425.611:ERROR:process_memory_win.cc(73)] ReadMemory at 0xef0dcf7000 of 6024 bytes failed: Only part of a ReadProcessMemory or WriteProcessMemory request was completed. (0x12B)
[0318/153425.611:ERROR:process_memory_win.cc(73)] ReadMemory at 0xef0dcf9000 of 6024 bytes failed: Only part of a ReadProcessMemory or WriteProcessMemory request was completed. (0x12B)
[0318/153425.612:ERROR:process_memory_win.cc(73)] ReadMemory at 0xef0dcfb000 of 6024 bytes failed: Only part of a ReadProcessMemory or WriteProcessMemory request was completed. (0x12B)
[0318/153425.612:ERROR:process_memory_win.cc(73)] ReadMemory at 0xef0dcfd000 of 6024 bytes failed: Only part of a ReadProcessMemory or WriteProcessMemory request was completed. (0x12B)
[0318/153425.612:ERROR:process_memory_win.cc(73)] ReadMemory at 0xef0dcff000 of 6024 bytes failed: Only part of a ReadProcessMemory or WriteProcessMemory request was completed. (0x12B)
[0318/153425.612:ERROR:process_memory_win.cc(73)] ReadMemory at 0xef0dd01000 of 6024 bytes failed: Only part of a ReadProcessMemory or WriteProcessMemory request was completed. (0x12B)
[0318/153425.612:ERROR:process_memory_win.cc(73)] ReadMemory at 0xef0dd03000 of 6024 bytes failed: Only part of a ReadProcessMemory or WriteProcessMemory request was completed. (0x12B)
[0318/153425.612:ERROR:process_memory_win.cc(73)] ReadMemory at 0xef0dd05000 of 6024 bytes failed: Only part of a ReadProcessMemory or WriteProcessMemory request was completed. (0x12B)
[0318/153425.612:ERROR:process_memory_win.cc(73)] ReadMemory at 0xef0dd07000 of 6024 bytes failed: Only part of a ReadProcessMemory or WriteProcessMemory request was completed. (0x12B)
[0318/153425.612:ERROR:process_memory_win.cc(73)] ReadMemory at 0x2a368aa0fe0 of 4258 bytes failed: Only part of a ReadProcessMemory or WriteProcessMemory request was completed. (0x12B)
[0318/153425.612:ERROR:process_memory_win.cc(73)] ReadMemory at 0x2a368aa2090 of 1012 bytes failed: Only part of a ReadProcessMemory or WriteProcessMemory request was completed. (0x12B)
[0318/153425.612:ERROR:process_memory_win.cc(73)] ReadMemory at 0x2a368aa26d8 of 118 bytes failed: Only part of a ReadProcessMemory or WriteProcessMemory request was completed. (0x12B)
[0318/153425.612:ERROR:process_memory_win.cc(73)] ReadMemory at 0x2a368aa2750 of 754 bytes failed: Only part of a ReadProcessMemory or WriteProcessMemory request was completed. (0x12B)
[0318/153425.612:ERROR:process_memory_win.cc(73)] ReadMemory at 0x2a368aa2a44 of 118 bytes failed: Only part of a ReadProcessMemory or WriteProcessMemory request was completed. (0x12B)
[0318/153425.612:ERROR:process_memory_win.cc(73)] ReadMemory at 0x2a368aa2abc of 96 bytes failed: Only part of a ReadProcessMemory or WriteProcessMemory request was completed. (0x12B)
[0318/153425.613:ERROR:process_memory_win.cc(73)] ReadMemory at 0x2a368aa2b30 of 58 bytes failed: Only part of a ReadProcessMemory or WriteProcessMemory request was completed. (0x12B)
[0318/153425.613:ERROR:process_memory_win.cc(73)] ReadMemory at 0x2a368aa2c30 of 132 bytes failed: Only part of a ReadProcessMemory or WriteProcessMemory request was completed. (0x12B)
[0318/153425.613:ERROR:process_memory_win.cc(73)] ReadMemory at 0x2a368aa2dc0 of 132 bytes failed: Only part of a ReadProcessMemory or WriteProcessMemory request was completed. (0x12B)
[0318/153425.613:ERROR:process_memory_win.cc(73)] ReadMemory at 0x2a368aa2f80 of 126 bytes failed: Only part of a ReadProcessMemory or WriteProcessMemory request was completed. (0x12B)
[0318/153425.613:ERROR:process_memory_win.cc(73)] ReadMemory at 0x2a368aa3360 of 132 bytes failed: Only part of a ReadProcessMemory or WriteProcessMemory request was completed. (0x12B)
[0318/153425.613:ERROR:process_memory_win.cc(73)] ReadMemory at 0x2a368aa34f0 of 64 bytes failed: Only part of a ReadProcessMemory or WriteProcessMemory request was completed. (0x12B)
[0318/153425.613:ERROR:process_memory_win.cc(73)] ReadMemory at 0x2a368aa3540 of 132 bytes failed: Only part of a ReadProcessMemory or WriteProcessMemory request was completed. (0x12B)
[0318/153425.613:ERROR:process_memory_win.cc(73)] ReadMemory at 0x2a368aa36b0 of 132 bytes failed: Only part of a ReadProcessMemory or WriteProcessMemory request was completed. (0x12B)
[0318/153425.613:ERROR:process_memory_win.cc(73)] ReadMemory at 0x2a368aa3950 of 132 bytes failed: Only part of a ReadProcessMemory or WriteProcessMemory request was completed. (0x12B)
[0318/153425.613:ERROR:process_memory_win.cc(73)] ReadMemory at 0x2a368aa3ae0 of 68 bytes failed: Only part of a ReadProcessMemory or WriteProcessMemory request was completed. (0x12B)
[0318/153425.613:ERROR:process_memory_win.cc(73)] ReadMemory at 0x2a368aa4bb0 of 132 bytes failed: Only part of a ReadProcessMemory or WriteProcessMemory request was completed. (0x12B)
[0318/153425.613:ERROR:process_memory_win.cc(73)] ReadMemory at 0x2a368aa4d40 of 154 bytes failed: Only part of a ReadProcessMemory or WriteProcessMemory request was completed. (0x12B)
[0318/153425.613:ERROR:process_memory_win.cc(73)] ReadMemory at 0x2a368aa5b20 of 62 bytes failed: Only part of a ReadProcessMemory or WriteProcessMemory request was completed. (0x12B)
[0318/153425.613:ERROR:process_memory_win.cc(73)] ReadMemory at 0x2a368aa5d10 of 60 bytes failed: Only part of a ReadProcessMemory or WriteProcessMemory request was completed. (0x12B)
[0318/153425.613:ERROR:process_memory_win.cc(73)] ReadMemory at 0x2a368aa6230 of 132 bytes failed: Only part of a ReadProcessMemory or WriteProcessMemory request was completed. (0x12B)
[0318/153425.613:ERROR:process_memory_win.cc(73)] ReadMemory at 0x2a368aa9910 of 132 bytes failed: Only part of a ReadProcessMemory or WriteProcessMemory request was completed. (0x12B)
[0318/153425.613:ERROR:process_memory_win.cc(73)] ReadMemory at 0x2a368aa9a40 of 132 bytes failed: Only part of a ReadProcessMemory or WriteProcessMemory request was completed. (0x12B)
[0318/153425.614:ERROR:process_memory_win.cc(73)] ReadMemory at 0x2a368aa9bd0 of 80 bytes failed: Only part of a ReadProcessMemory or WriteProcessMemory request was completed. (0x12B)
[0318/153425.614:ERROR:process_memory_win.cc(73)] ReadMemory at 0x2a368aa9dc0 of 62 bytes failed: Only part of a ReadProcessMemory or WriteProcessMemory request was completed. (0x12B)
[0318/153425.614:ERROR:process_memory_win.cc(73)] ReadMemory at 0x2a368aa9e10 of 64 bytes failed: Only part of a ReadProcessMemory or WriteProcessMemory request was completed. (0x12B)
[0318/153425.614:ERROR:process_memory_win.cc(73)] ReadMemory at 0x2a368aaa040 of 60 bytes failed: Only part of a ReadProcessMemory or WriteProcessMemory request was completed. (0x12B)
[0318/153425.614:ERROR:process_memory_win.cc(73)] ReadMemory at 0x2a368aaa130 of 64 bytes failed: Only part of a ReadProcessMemory or WriteProcessMemory request was completed. (0x12B)
[0318/153425.614:ERROR:process_memory_win.cc(73)] ReadMemory at 0x2a368aaa180 of 60 bytes failed: Only part of a ReadProcessMemory or WriteProcessMemory request was completed. (0x12B)
[0318/153425.614:ERROR:process_memory_win.cc(73)] ReadMemory at 0x2a368aaa2c0 of 66 bytes failed: Only part of a ReadProcessMemory or WriteProcessMemory request was completed. (0x12B)
[0318/153425.614:ERROR:process_memory_win.cc(73)] ReadMemory at 0x2a368aaa310 of 64 bytes failed: Only part of a ReadProcessMemory or WriteProcessMemory request was completed. (0x12B)
[0318/153425.614:ERROR:process_memory_win.cc(73)] ReadMemory at 0x2a368aaa360 of 62 bytes failed: Only part of a ReadProcessMemory or WriteProcessMemory request was completed. (0x12B)
[0318/153425.614:ERROR:process_memory_win.cc(73)] ReadMemory at 0x2a368aaa450 of 64 bytes failed: Only part of a ReadProcessMemory or WriteProcessMemory request was completed. (0x12B)
[0318/153425.614:ERROR:process_memory_win.cc(73)] ReadMemory at 0x2a368aaa980 of 132 bytes failed: Only part of a ReadProcessMemory or WriteProcessMemory request was completed. (0x12B)
[0318/153425.614:ERROR:process_memory_win.cc(73)] ReadMemory at 0x2a368aaaab0 of 132 bytes failed: Only part of a ReadProcessMemory or WriteProcessMemory request was completed. (0x12B)
[0318/153425.614:ERROR:process_memory_win.cc(73)] ReadMemory at 0x2a368aaad10 of 132 bytes failed: Only part of a ReadProcessMemory or WriteProcessMemory request was completed. (0x12B)
[0318/153425.614:ERROR:process_memory_win.cc(73)] ReadMemory at 0x2a368aaae40 of 132 bytes failed: Only part of a ReadProcessMemory or WriteProcessMemory request was completed. (0x12B)
[0318/153425.614:ERROR:process_memory_win.cc(73)] ReadMemory at 0x2a368aaaf70 of 132 bytes failed: Only part of a ReadProcessMemory or WriteProcessMemory request was completed. (0x12B)
[0318/153425.614:ERROR:process_memory_win.cc(73)] ReadMemory at 0x2a368aab0a0 of 132 bytes failed: Only part of a ReadProcessMemory or WriteProcessMemory request was completed. (0x12B)
[0318/153425.614:ERROR:process_memory_win.cc(73)] ReadMemory at 0x2a368aab1d0 of 132 bytes failed: Only part of a ReadProcessMemory or WriteProcessMemory request was completed. (0x12B)
[0318/153425.614:ERROR:process_memory_win.cc(73)] ReadMemory at 0x2a368aab300 of 132 bytes failed: Only part of a ReadProcessMemory or WriteProcessMemory request was completed. (0x12B)
[0318/153425.615:ERROR:process_memory_win.cc(73)] ReadMemory at 0x2a368aab430 of 132 bytes failed: Only part of a ReadProcessMemory or WriteProcessMemory request was completed. (0x12B)
[0318/153425.615:ERROR:process_memory_win.cc(73)] ReadMemory at 0x2a368aab560 of 132 bytes failed: Only part of a ReadProcessMemory or WriteProcessMemory request was completed. (0x12B)
[0318/153425.615:ERROR:process_memory_win.cc(73)] ReadMemory at 0x2a368aab690 of 132 bytes failed: Only part of a ReadProcessMemory or WriteProcessMemory request was completed. (0x12B)
[0318/153425.615:ERROR:process_memory_win.cc(73)] ReadMemory at 0x2a368aab7c0 of 132 bytes failed: Only part of a ReadProcessMemory or WriteProcessMemory request was completed. (0x12B)
[0318/153425.615:ERROR:process_memory_win.cc(73)] ReadMemory at 0x2a368aae240 of 132 bytes failed: Only part of a ReadProcessMemory or WriteProcessMemory request was completed. (0x12B)
[0318/153425.615:ERROR:process_memory_win.cc(73)] ReadMemory at 0x2a368aae370 of 146 bytes failed: Only part of a ReadProcessMemory or WriteProcessMemory request was completed. (0x12B)
[0318/153425.615:ERROR:process_memory_win.cc(73)] ReadMemory at 0x2a368aaf090 of 132 bytes failed: Only part of a ReadProcessMemory or WriteProcessMemory request was completed. (0x12B)
[0318/153425.615:ERROR:process_memory_win.cc(73)] ReadMemory at 0x2a368ab0a80 of 132 bytes failed: Only part of a ReadProcessMemory or WriteProcessMemory request was completed. (0x12B)
[0318/153425.615:ERROR:process_memory_win.cc(73)] ReadMemory at 0x2a368ab0de0 of 132 bytes failed: Only part of a ReadProcessMemory or WriteProcessMemory request was completed. (0x12B)
[0318/153425.615:ERROR:process_memory_win.cc(73)] ReadMemory at 0x2a368ab0f10 of 132 bytes failed: Only part of a ReadProcessMemory or WriteProcessMemory request was completed. (0x12B)
[0318/153425.615:ERROR:process_memory_win.cc(73)] ReadMemory at 0x2a368ab2ef0 of 54 bytes failed: Only part of a ReadProcessMemory or WriteProcessMemory request was completed. (0x12B)
[0318/153425.615:ERROR:process_memory_win.cc(73)] ReadMemory at 0x2a368ab3c90 of 132 bytes failed: Only part of a ReadProcessMemory or WriteProcessMemory request was completed. (0x12B)
[0318/153425.615:ERROR:process_memory_win.cc(73)] ReadMemory at 0x2a368ab3dc0 of 132 bytes failed: Only part of a ReadProcessMemory or WriteProcessMemory request was completed. (0x12B)
[0318/153425.615:ERROR:process_memory_win.cc(73)] ReadMemory at 0x2a368ab46e0 of 76 bytes failed: Only part of a ReadProcessMemory or WriteProcessMemory request was completed. (0x12B)
[0318/153425.615:ERROR:process_memory_win.cc(73)] ReadMemory at 0x2a368ab4da0 of 80 bytes failed: Only part of a ReadProcessMemory or WriteProcessMemory request was completed. (0x12B)
[0318/153425.616:ERROR:process_memory_win.cc(73)] ReadMemory at 0x2a368ab51c0 of 60 bytes failed: Only part of a ReadProcessMemory or WriteProcessMemory request was completed. (0x12B)
[0318/153425.616:ERROR:process_memory_win.cc(73)] ReadMemory at 0x2a368ab5210 of 58 bytes failed: Only part of a ReadProcessMemory or WriteProcessMemory request was completed. (0x12B)
[0318/153425.616:ERROR:process_memory_win.cc(73)] ReadMemory at 0x2a368ab5300 of 62 bytes failed: Only part of a ReadProcessMemory or WriteProcessMemory request was completed. (0x12B)
[0318/153425.616:ERROR:process_memory_win.cc(73)] ReadMemory at 0x2a368ab53a0 of 66 bytes failed: Only part of a ReadProcessMemory or WriteProcessMemory request was completed. (0x12B)
[0318/153425.616:ERROR:process_memory_win.cc(73)] ReadMemory at 0x2a368ab5580 of 62 bytes failed: Only part of a ReadProcessMemory or WriteProcessMemory request was completed. (0x12B)
[0318/153425.616:ERROR:process_memory_win.cc(73)] ReadMemory at 0x2a368ab55d0 of 62 bytes failed: Only part of a ReadProcessMemory or WriteProcessMemory request was completed. (0x12B)
[0318/153425.616:ERROR:process_memory_win.cc(73)] ReadMemory at 0x2a368ab5760 of 60 bytes failed: Only part of a ReadProcessMemory or WriteProcessMemory request was completed. (0x12B)
[0318/153425.616:ERROR:process_memory_win.cc(73)] ReadMemory at 0x2a368ab5800 of 62 bytes failed: Only part of a ReadProcessMemory or WriteProcessMemory request was completed. (0x12B)
[0318/153425.616:ERROR:process_memory_win.cc(73)] ReadMemory at 0x2a368ab5940 of 60 bytes failed: Only part of a ReadProcessMemory or WriteProcessMemory request was completed. (0x12B)
[0318/153425.616:ERROR:process_memory_win.cc(73)] ReadMemory at 0x2a368ab5990 of 62 bytes failed: Only part of a ReadProcessMemory or WriteProcessMemory request was completed. (0x12B)
[0318/153425.616:ERROR:process_memory_win.cc(73)] ReadMemory at 0x2a368ab59e0 of 64 bytes failed: Only part of a ReadProcessMemory or WriteProcessMemory request was completed. (0x12B)
[0318/153425.616:ERROR:process_memory_win.cc(73)] ReadMemory at 0x2a368ab5a80 of 64 bytes failed: Only part of a ReadProcessMemory or WriteProcessMemory request was completed. (0x12B)
[0318/153425.616:ERROR:process_memory_win.cc(73)] ReadMemory at 0x2a368ab5cb0 of 62 bytes failed: Only part of a ReadProcessMemory or WriteProcessMemory request was completed. (0x12B)
[0318/153425.616:ERROR:process_memory_win.cc(73)] ReadMemory at 0x2a368ab5d00 of 64 bytes failed: Only part of a ReadProcessMemory or WriteProcessMemory request was completed. (0x12B)
[0318/153425.616:ERROR:process_memory_win.cc(73)] ReadMemory at 0x2a368ab5df0 of 62 bytes failed: Only part of a ReadProcessMemory or WriteProcessMemory request was completed. (0x12B)
[0318/153425.617:ERROR:process_memory_win.cc(73)] ReadMemory at 0x2a368ab5e90 of 60 bytes failed: Only part of a ReadProcessMemory or WriteProcessMemory request was completed. (0x12B)
[0318/153425.617:ERROR:process_memory_win.cc(73)] ReadMemory at 0x2a368ab5f30 of 62 bytes failed: Only part of a ReadProcessMemory or WriteProcessMemory request was completed. (0x12B)
[0318/153425.617:ERROR:process_memory_win.cc(73)] ReadMemory at 0x2a368ab5f80 of 64 bytes failed: Only part of a ReadProcessMemory or WriteProcessMemory request was completed. (0x12B)
[0318/153425.617:ERROR:process_memory_win.cc(73)] ReadMemory at 0x2a368ab6040 of 132 bytes failed: Only part of a ReadProcessMemory or WriteProcessMemory request was completed. (0x12B)
[0318/153425.617:ERROR:process_memory_win.cc(73)] ReadMemory at 0x2a368ab6760 of 132 bytes failed: Only part of a ReadProcessMemory or WriteProcessMemory request was completed. (0x12B)
[0318/153425.617:ERROR:process_memory_win.cc(73)] ReadMemory at 0x2a368ab69c0 of 132 bytes failed: Only part of a ReadProcessMemory or WriteProcessMemory request was completed. (0x12B)
[0318/153425.617:ERROR:process_memory_win.cc(73)] ReadMemory at 0x2a368ab6c20 of 132 bytes failed: Only part of a ReadProcessMemory or WriteProcessMemory request was completed. (0x12B)
[0318/153425.617:ERROR:process_memory_win.cc(73)] ReadMemory at 0x2a368ab6d50 of 132 bytes failed: Only part of a ReadProcessMemory or WriteProcessMemory request was completed. (0x12B)
[0318/153425.617:ERROR:process_memory_win.cc(73)] ReadMemory at 0x2a368ab6e80 of 132 bytes failed: Only part of a ReadProcessMemory or WriteProcessMemory request was completed. (0x12B)
[0318/153425.617:ERROR:process_memory_win.cc(73)] ReadMemory at 0x2a368ab6fb0 of 132 bytes failed: Only part of a ReadProcessMemory or WriteProcessMemory request was completed. (0x12B)
[0318/153425.617:ERROR:process_memory_win.cc(73)] ReadMemory at 0x2a368ab70e0 of 132 bytes failed: Only part of a ReadProcessMemory or WriteProcessMemory request was completed. (0x12B)
[0318/153425.617:ERROR:process_memory_win.cc(73)] ReadMemory at 0x2a368ab76d0 of 132 bytes failed: Only part of a ReadProcessMemory or WriteProcessMemory request was completed. (0x12B)
[0318/153425.617:ERROR:process_memory_win.cc(73)] ReadMemory at 0x2a368ab7a60 of 132 bytes failed: Only part of a ReadProcessMemory or WriteProcessMemory request was completed. (0x12B)
[0318/153425.617:ERROR:process_memory_win.cc(73)] ReadMemory at 0x2a368ace8d0 of 512 bytes failed: Only part of a ReadProcessMemory or WriteProcessMemory request was completed. (0x12B)
[0318/153425.617:ERROR:process_memory_win.cc(73)] ReadMemory at 0x2a368acf670 of 512 bytes failed: Only part of a ReadProcessMemory or WriteProcessMemory request was completed. (0x12B)
[0318/153425.617:ERROR:process_memory_win.cc(73)] ReadMemory at 0x2a368d92ec0 of 512 bytes failed: Only part of a ReadProcessMemory or WriteProcessMemory request was completed. (0x12B)
[0318/153425.617:ERROR:process_memory_win.cc(73)] ReadMemory at 0x2a368e10860 of 512 bytes failed: Only part of a ReadProcessMemory or WriteProcessMemory request was completed. (0x12B)
[0318/153425.618:ERROR:process_memory_win.cc(73)] ReadMemory at 0x2a368e127b0 of 512 bytes failed: Only part of a ReadProcessMemory or WriteProcessMemory request was completed. (0x12B)
[0318/153425.618:ERROR:process_memory_win.cc(73)] ReadMemory at 0x2a368e13110 of 512 bytes failed: Only part of a ReadProcessMemory or WriteProcessMemory request was completed. (0x12B)
[0318/153425.618:ERROR:process_memory_win.cc(73)] ReadMemory at 0x2a368e13f40 of 512 bytes failed: Only part of a ReadProcessMemory or WriteProcessMemory request was completed. (0x12B)
[0318/153425.618:ERROR:process_memory_win.cc(73)] ReadMemory at 0x2a368e3a1d0 of 512 bytes failed: Only part of a ReadProcessMemory or WriteProcessMemory request was completed. (0x12B)
[0318/153425.618:ERROR:process_memory_win.cc(73)] ReadMemory at 0x2a368e59bc0 of 712 bytes failed: Only part of a ReadProcessMemory or WriteProcessMemory request was completed. (0x12B)
[0318/153425.618:ERROR:process_memory_win.cc(73)] ReadMemory at 0x2a368e5b9b8 of 512 bytes failed: Only part of a ReadProcessMemory or WriteProcessMemory request was completed. (0x12B)
[0318/153425.618:ERROR:process_memory_win.cc(73)] ReadMemory at 0x2a368e5c618 of 1088 bytes failed: Only part of a ReadProcessMemory or WriteProcessMemory request was completed. (0x12B)
[0318/153425.618:ERROR:process_memory_win.cc(73)] ReadMemory at 0x2a36acedbd0 of 512 bytes failed: Only part of a ReadProcessMemory or WriteProcessMemory request was completed. (0x12B)
[0318/153425.618:ERROR:process_memory_win.cc(73)] ReadMemory at 0x2a36acff2e8 of 512 bytes failed: Only part of a ReadProcessMemory or WriteProcessMemory request was completed. (0x12B)
[0318/153425.618:ERROR:process_memory_win.cc(73)] ReadMemory at 0x6d35b2725d30 of 512 bytes failed: Only part of a ReadProcessMemory or WriteProcessMemory request was completed. (0x12B)
[0318/153425.618:ERROR:process_memory_win.cc(73)] ReadMemory at 0x7fff82bb026c of 512 bytes failed: Only part of a ReadProcessMemory or WriteProcessMemory request was completed. (0x12B)
[0318/153425.618:ERROR:process_memory_win.cc(73)] ReadMemory at 0x7fff83943a7b of 512 bytes failed: Only part of a ReadProcessMemory or WriteProcessMemory request was completed. (0x12B)
[0318/153425.618:ERROR:process_memory_win.cc(73)] ReadMemory at 0x7fffc857b720 of 512 bytes failed: Only part of a ReadProcessMemory or WriteProcessMemory request was completed. (0x12B)
[0318/153425.618:ERROR:process_memory_win.cc(73)] ReadMemory at 0x7fffca67c0c4 of 672 bytes failed: Only part of a ReadProcessMemory or WriteProcessMemory request was completed. (0x12B)
[0318/153425.618:ERROR:process_memory_win.cc(73)] ReadMemory at 0x7fffca67c6c4 of 512 bytes failed: Only part of a ReadProcessMemory or WriteProcessMemory request was completed. (0x12B)
[0318/153425.618:ERROR:process_memory_win.cc(73)] ReadMemory at 0x7fffca67f974 of 608 bytes failed: Only part of a ReadProcessMemory or WriteProcessMemory request was completed. (0x12B)
[0318/153425.619:ERROR:process_memory_win.cc(73)] ReadMemory at 0x7fffca70c428 of 18 bytes failed: Only part of a ReadProcessMemory or WriteProcessMemory request was completed. (0x12B)
[0318/153425.619:ERROR:process_memory_win.cc(73)] ReadMemory at 0x7fffca73f4f8 of 40 bytes failed: Only part of a ReadProcessMemory or WriteProcessMemory request was completed. (0x12B)
[0318/153425.619:ERROR:process_memory_win.cc(73)] ReadMemory at 0x7fffca73f978 of 48 bytes failed: Only part of a ReadProcessMemory or WriteProcessMemory request was completed. (0x12B)
[0318/153425.619:ERROR:process_memory_win.cc(73)] ReadMemory at 0x7fffca7453c0 of 64 bytes failed: Only part of a ReadProcessMemory or WriteProcessMemory request was completed. (0x12B)
[0318/153425.621:ERROR:scoped_process_suspend.cc(40)] NtResumeProcess: An attempt was made to access an exiting process. (0xc000010a)
[0622/191217.275:ERROR:process_reader_win.cc(123)] NtOpenThread: {Access Denied} A process has requested access to an object, but has not been granted those access rights. (0xc0000022)
[0622/191217.275:ERROR:process_reader_win.cc(123)] NtOpenThread: {Access Denied} A process has requested access to an object, but has not been granted those access rights. (0xc0000022)
[0622/191217.278:ERROR:process_reader_win.cc(123)] NtOpenThread: {Access Denied} A process has requested access to an object, but has not been granted those access rights. (0xc0000022)
[0622/191217.277:ERROR:process_reader_win.cc(123)] NtOpenThread: {Access Denied} A process has requested access to an object, but has not been granted those access rights. (0xc0000022)
[0622/191217.298:ERROR:process_reader_win.cc(123)] NtOpenThread: {Access Denied} A process has requested access to an object, but has not been granted those access rights. (0xc0000022)
[0622/191217.284:ERROR:process_reader_win.cc(123)] NtOpenThread: {Access Denied} A process has requested access to an object, but has not been granted those access rights. (0xc0000022)
[0622/191217.278:ERROR:process_reader_win.cc(123)] NtOpenThread: {Access Denied} A process has requested access to an object, but has not been granted those access rights. (0xc0000022)
[0622/191217.315:ERROR:exception_snapshot_win.cc(98)] thread ID 9980 not found in process
[0622/191217.315:ERROR:exception_snapshot_win.cc(98)] thread ID 4320 not found in process
[0622/191217.315:ERROR:exception_snapshot_win.cc(98)] thread ID 18264 not found in process
[0622/191217.313:ERROR:process_reader_win.cc(123)] NtOpenThread: {Access Denied} A process has requested access to an object, but has not been granted those access rights. (0xc0000022)
[0622/191217.316:ERROR:exception_snapshot_win.cc(98)] thread ID 2816 not found in process
[0622/191217.316:ERROR:exception_snapshot_win.cc(98)] thread ID 13960 not found in process
[0622/191217.316:ERROR:exception_snapshot_win.cc(98)] thread ID 9732 not found in process
[0622/191217.316:ERROR:exception_snapshot_win.cc(98)] thread ID 16736 not found in process
[0622/191217.316:ERROR:exception_snapshot_win.cc(98)] thread ID 21480 not found in process
[0622/191217.276:ERROR:process_reader_win.cc(123)] NtOpenThread: {Access Denied} A process has requested access to an object, but has not been granted those access rights. (0xc0000022)
[0622/191217.317:ERROR:exception_snapshot_win.cc(98)] thread ID 20044 not found in process
[0622/191217.317:ERROR:process_reader_win.cc(123)] NtOpenThread: {Access Denied} A process has requested access to an object, but has not been granted those access rights. (0xc0000022)
[0622/191217.317:ERROR:exception_snapshot_win.cc(98)] thread ID 17636 not found in process
[0622/191217.324:ERROR:process_reader_win.cc(123)] NtOpenThread: {Access Denied} A process has requested access to an object, but has not been granted those access rights. (0xc0000022)
[0622/191217.324:ERROR:exception_snapshot_win.cc(98)] thread ID 12300 not found in process
[0622/191217.326:ERROR:process_reader_win.cc(123)] NtOpenThread: {Access Denied} A process has requested access to an object, but has not been granted those access rights. (0xc0000022)
[0622/191217.326:ERROR:exception_snapshot_win.cc(98)] thread ID 12684 not found in process
[0622/191217.374:ERROR:process_reader_win.cc(123)] NtOpenThread: {Access Denied} A process has requested access to an object, but has not been granted those access rights. (0xc0000022)
[0622/191217.374:ERROR:exception_snapshot_win.cc(98)] thread ID 5712 not found in process
[1120/093711.757:ERROR:directory_reader_win.cc(43)] FindFirstFile: The system cannot find the path specified. (0x3)
[1124/172122.280:ERROR:directory_reader_win.cc(43)] FindFirstFile: The system cannot find the path specified. (0x3)
[1127/145929.193:ERROR:directory_reader_win.cc(43)] FindFirstFile: The system cannot find the path specified. (0x3)
[1202/133843.096:ERROR:directory_reader_win.cc(43)] FindFirstFile: The system cannot find the path specified. (0x3)
[1218/150812.127:ERROR:directory_reader_win.cc(43)] FindFirstFile: The system cannot find the path specified. (0x3)
[0105/143633.408:ERROR:directory_reader_win.cc(43)] FindFirstFile: The system cannot find the path specified. (0x3)
